2020-09-28 00:26:52,457  INFO [main] cart_functionality:22 - application opened
2020-09-28 00:26:54,798  INFO [main] cart_functionality:27 - 000000
2020-09-28 00:26:54,927  INFO [main] cart_functionality:31 - closed login tab
2020-09-28 00:33:29,904  INFO [main] cart_functionality:22 - application opened
2020-09-28 00:33:32,941  INFO [main] cart_functionality:27 - 000000
2020-09-28 00:33:33,068  INFO [main] cart_functionality:31 - closed login tab
2020-09-28 00:37:25,857  INFO [main] cart_functionality:22 - application opened
2020-09-28 00:37:28,131  INFO [main] cart_functionality:27 - 000000
2020-09-28 00:37:28,311  INFO [main] cart_functionality:31 - closed login tab
2020-09-28 00:37:28,564  INFO [main] cart_functionality:38 - clicked on Search buttton
2020-09-28 00:50:07,329  INFO [main] cart_functionality:24 - application opened
2020-09-28 00:50:09,592  INFO [main] cart_functionality:29 - 000000
2020-09-28 00:50:09,699  INFO [main] cart_functionality:33 - closed login tab
2020-09-28 00:50:09,948  INFO [main] cart_functionality:40 - clicked on Search buttton
2020-09-28 01:01:18,688  INFO [main] cart_functionality:24 - application opened
2020-09-28 01:01:20,955  INFO [main] cart_functionality:29 - 000000
2020-09-28 01:01:21,050  INFO [main] cart_functionality:33 - closed login tab
2020-09-28 01:01:21,228  INFO [main] cart_functionality:40 - clicked on Search buttton
2020-09-28 01:20:38,553  INFO [main] cart_functionality:24 - application opened
2020-09-28 01:20:40,866  INFO [main] cart_functionality:29 - 000000
2020-09-28 01:20:40,973  INFO [main] cart_functionality:33 - closed login tab
2020-09-28 01:20:41,223  INFO [main] cart_functionality:40 - clicked on Search buttton
2020-09-28 21:25:02,617  INFO [main] cart_functionality:24 - application opened
2020-09-28 21:25:05,042  INFO [main] cart_functionality:29 - 000000
2020-09-28 21:25:05,157  INFO [main] cart_functionality:33 - closed login tab
2020-09-28 21:25:05,383  INFO [main] cart_functionality:40 - clicked on Search buttton
2020-09-28 21:29:49,359  INFO [main] cart_functionality:24 - application opened
2020-09-28 21:29:51,622  INFO [main] cart_functionality:29 - 000000
2020-09-28 21:29:51,737  INFO [main] cart_functionality:33 - closed login tab
2020-09-28 21:29:51,979  INFO [main] cart_functionality:40 - clicked on Search buttton
2020-09-28 21:32:47,707  INFO [main] cart_functionality:24 - application opened
2020-09-28 21:32:50,032  INFO [main] cart_functionality:29 - 000000
2020-09-28 21:32:50,151  INFO [main] cart_functionality:33 - closed login tab
2020-09-28 21:32:50,386  INFO [main] cart_functionality:40 - clicked on Search buttton
2020-09-28 21:36:24,858  INFO [main] cart_functionality:24 - application opened
2020-09-28 21:36:27,189  INFO [main] cart_functionality:29 - 000000
2020-09-28 21:36:27,320  INFO [main] cart_functionality:33 - closed login tab
2020-09-28 21:36:27,607  INFO [main] cart_functionality:40 - clicked on Search buttton
2020-09-29 21:11:44,530  INFO [main] cart_functionality:25 - application opened
2020-09-29 21:11:47,078  INFO [main] cart_functionality:30 - 000000
2020-09-29 21:11:47,204  INFO [main] cart_functionality:34 - closed login tab
2020-09-29 21:11:47,539  INFO [main] cart_functionality:41 - clicked on Search buttton
2020-09-29 21:17:22,208  INFO [main] cart_functionality:25 - application opened
2020-09-29 21:17:24,463  INFO [main] cart_functionality:30 - 000000
2020-09-29 21:17:24,555  INFO [main] cart_functionality:34 - closed login tab
2020-09-29 21:17:24,894  INFO [main] cart_functionality:41 - clicked on Search buttton
2020-09-29 21:20:51,158  INFO [main] cart_functionality:25 - application opened
2020-09-29 21:20:53,465  INFO [main] cart_functionality:30 - 000000
2020-09-29 21:20:53,573  INFO [main] cart_functionality:34 - closed login tab
2020-09-29 21:20:53,814  INFO [main] cart_functionality:41 - clicked on Search buttton
2020-09-29 21:25:46,099  INFO [main] cart_functionality:25 - application opened
2020-09-29 21:25:48,394  INFO [main] cart_functionality:30 - 000000
2020-09-29 21:25:48,508  INFO [main] cart_functionality:34 - closed login tab
2020-09-29 21:25:48,784  INFO [main] cart_functionality:41 - clicked on Search buttton
2020-09-29 21:26:31,159  INFO [main] cart_functionality:25 - application opened
2020-09-29 21:26:33,444  INFO [main] cart_functionality:30 - 000000
2020-09-29 21:26:33,516  INFO [main] cart_functionality:34 - closed login tab
2020-09-29 21:26:33,730  INFO [main] cart_functionality:41 - clicked on Search buttton
2020-09-29 21:28:38,939  INFO [main] cart_functionality:25 - application opened
2020-09-29 21:28:41,214  INFO [main] cart_functionality:30 - 000000
2020-09-29 21:28:41,354  INFO [main] cart_functionality:34 - closed login tab
2020-09-29 21:28:41,712  INFO [main] cart_functionality:41 - clicked on Search buttton
2020-09-29 21:28:42,619  INFO [main] cart_functionality:51 - clicked on redmio mobiles
2020-09-29 21:28:42,649  INFO [main] cart_functionality:53 - no redmi mobiles
2020-09-29 21:28:42,681  INFO [main] cart_functionality:53 - no redmi mobiles
2020-09-29 21:28:42,710  INFO [main] cart_functionality:53 - no redmi mobiles
2020-09-29 21:28:42,758  INFO [main] cart_functionality:53 - no redmi mobiles
2020-09-29 21:28:42,808  INFO [main] cart_functionality:53 - no redmi mobiles
2020-09-29 21:28:42,849  INFO [main] cart_functionality:53 - no redmi mobiles
2020-09-29 21:28:42,882  INFO [main] cart_functionality:53 - no redmi mobiles
2020-09-29 21:28:42,947  INFO [main] cart_functionality:53 - no redmi mobiles
2020-09-29 21:28:42,979  INFO [main] cart_functionality:53 - no redmi mobiles
2020-09-29 21:28:43,014  INFO [main] cart_functionality:53 - no redmi mobiles
2020-09-29 21:28:43,038  INFO [main] cart_functionality:53 - no redmi mobiles
2020-09-29 21:28:43,073  INFO [main] cart_functionality:53 - no redmi mobiles
2020-09-29 21:28:43,102  INFO [main] cart_functionality:53 - no redmi mobiles
2020-09-29 21:28:43,136  INFO [main] cart_functionality:53 - no redmi mobiles
2020-09-29 21:28:43,159  INFO [main] cart_functionality:53 - no redmi mobiles
2020-09-29 21:28:43,187  INFO [main] cart_functionality:53 - no redmi mobiles
2020-09-29 21:28:43,215  INFO [main] cart_functionality:53 - no redmi mobiles
2020-09-29 21:28:43,243  INFO [main] cart_functionality:53 - no redmi mobiles
2020-09-29 21:28:43,275  INFO [main] cart_functionality:53 - no redmi mobiles
2020-09-29 21:28:43,302  INFO [main] cart_functionality:53 - no redmi mobiles
2020-09-29 21:28:43,335  INFO [main] cart_functionality:53 - no redmi mobiles
2020-09-29 21:28:43,361  INFO [main] cart_functionality:53 - no redmi mobiles
2020-09-29 21:28:43,385  INFO [main] cart_functionality:53 - no redmi mobiles
2020-09-29 21:29:28,162  INFO [main] cart_functionality:25 - application opened
2020-09-29 21:29:30,438  INFO [main] cart_functionality:30 - 000000
2020-09-29 21:29:30,550  INFO [main] cart_functionality:34 - closed login tab
2020-09-29 21:29:30,740  INFO [main] cart_functionality:41 - clicked on Search buttton
2020-09-29 21:29:35,010  INFO [main] cart_functionality:51 - clicked on redmio mobiles
2020-09-29 21:29:35,051  INFO [main] cart_functionality:53 - no redmi mobiles
2020-09-29 21:32:25,327  INFO [main] cart_functionality:25 - application opened
2020-09-29 21:32:27,625  INFO [main] cart_functionality:30 - 000000
2020-09-29 21:32:27,730  INFO [main] cart_functionality:34 - closed login tab
2020-09-29 21:32:28,012  INFO [main] cart_functionality:41 - clicked on Search buttton
2020-09-29 21:32:32,708  INFO [main] cart_functionality:52 - clicked on redmio mobiles
2020-09-29 21:33:32,320  INFO [main] cart_functionality:25 - application opened
2020-09-29 21:33:34,578  INFO [main] cart_functionality:30 - 000000
2020-09-29 21:33:34,670  INFO [main] cart_functionality:34 - closed login tab
2020-09-29 21:33:34,839  INFO [main] cart_functionality:41 - clicked on Search buttton
2020-09-29 21:33:38,875  INFO [main] cart_functionality:52 - clicked on redmio mobiles
2020-09-29 21:34:55,554  INFO [main] cart_functionality:25 - application opened
2020-09-29 21:34:57,800  INFO [main] cart_functionality:30 - 000000
2020-09-29 21:34:57,924  INFO [main] cart_functionality:34 - closed login tab
2020-09-29 21:34:58,308  INFO [main] cart_functionality:41 - clicked on Search buttton
2020-09-29 21:34:59,216  INFO [main] cart_functionality:52 - clicked on redmio mobiles
2020-09-29 21:35:28,638  INFO [main] cart_functionality:25 - application opened
2020-09-29 21:35:30,904  INFO [main] cart_functionality:30 - 000000
2020-09-29 21:35:30,969  INFO [main] cart_functionality:34 - closed login tab
2020-09-29 21:35:31,321  INFO [main] cart_functionality:41 - clicked on Search buttton
2020-09-29 21:35:32,019  INFO [main] cart_functionality:52 - clicked on redmio mobiles
2020-10-13 14:58:59,682  INFO [main] cart_functionality:26 - application opened
2020-10-13 14:59:02,040  INFO [main] cart_functionality:31 - 000000
2020-10-13 14:59:02,133  INFO [main] cart_functionality:35 - closed login tab
2020-10-13 14:59:02,356  INFO [main] cart_functionality:42 - clicked on Search buttton
2020-10-13 15:00:37,434  INFO [main] cart_functionality:26 - application opened
2020-10-13 15:00:39,740  INFO [main] cart_functionality:31 - 000000
2020-10-13 15:00:39,830  INFO [main] cart_functionality:35 - closed login tab
2020-10-13 15:00:40,186  INFO [main] cart_functionality:42 - clicked on Search buttton
2020-10-13 15:00:40,864  INFO [main] cart_functionality:55 - redmi 8 mobile not clicked
2020-10-13 15:00:40,874  INFO [main] cart_functionality:55 - redmi 8 mobile not clicked
2020-10-13 15:00:40,884  INFO [main] cart_functionality:55 - redmi 8 mobile not clicked
2020-10-13 15:00:40,895  INFO [main] cart_functionality:55 - redmi 8 mobile not clicked
2020-10-13 15:00:40,906  INFO [main] cart_functionality:55 - redmi 8 mobile not clicked
2020-10-13 15:00:40,916  INFO [main] cart_functionality:55 - redmi 8 mobile not clicked
2020-10-13 15:00:40,928  INFO [main] cart_functionality:55 - redmi 8 mobile not clicked
2020-10-13 15:00:40,940  INFO [main] cart_functionality:55 - redmi 8 mobile not clicked
2020-10-13 15:00:40,953  INFO [main] cart_functionality:55 - redmi 8 mobile not clicked
2020-10-13 15:00:40,964  INFO [main] cart_functionality:55 - redmi 8 mobile not clicked
2020-10-13 15:00:40,979  INFO [main] cart_functionality:55 - redmi 8 mobile not clicked
2020-10-13 15:00:40,995  INFO [main] cart_functionality:55 - redmi 8 mobile not clicked
2020-10-13 15:00:41,006  INFO [main] cart_functionality:55 - redmi 8 mobile not clicked
2020-10-13 15:00:41,017  INFO [main] cart_functionality:55 - redmi 8 mobile not clicked
2020-10-13 15:00:41,028  INFO [main] cart_functionality:55 - redmi 8 mobile not clicked
2020-10-13 15:00:41,038  INFO [main] cart_functionality:55 - redmi 8 mobile not clicked
2020-10-13 15:00:41,049  INFO [main] cart_functionality:55 - redmi 8 mobile not clicked
2020-10-13 15:00:41,059  INFO [main] cart_functionality:55 - redmi 8 mobile not clicked
2020-10-13 15:00:41,070  INFO [main] cart_functionality:55 - redmi 8 mobile not clicked
2020-10-13 15:00:41,087  INFO [main] cart_functionality:55 - redmi 8 mobile not clicked
2020-10-13 15:00:41,101  INFO [main] cart_functionality:55 - redmi 8 mobile not clicked
2020-10-13 15:00:41,114  INFO [main] cart_functionality:55 - redmi 8 mobile not clicked
2020-10-13 15:00:41,125  INFO [main] cart_functionality:55 - redmi 8 mobile not clicked
2020-10-13 15:00:41,136  INFO [main] cart_functionality:55 - redmi 8 mobile not clicked
2020-10-13 15:01:36,139  INFO [main] cart_functionality:26 - application opened
2020-10-13 15:01:38,376  INFO [main] cart_functionality:31 - 000000
2020-10-13 15:01:38,467  INFO [main] cart_functionality:35 - closed login tab
2020-10-13 15:01:38,721  INFO [main] cart_functionality:42 - clicked on Search buttton
2020-10-13 15:01:39,591  INFO [main] cart_functionality:55 - redmi 8 mobile not clicked
2020-10-13 15:02:35,364  INFO [main] cart_functionality:26 - application opened
2020-10-13 15:02:37,629  INFO [main] cart_functionality:31 - 000000
2020-10-13 15:02:37,732  INFO [main] cart_functionality:35 - closed login tab
2020-10-13 15:02:38,157  INFO [main] cart_functionality:42 - clicked on Search buttton
2020-10-13 15:02:39,322  INFO [main] cart_functionality:53 - clicked on redmio mobiles
2020-10-13 15:02:39,346  INFO [main] cart_functionality:55 - redmi 8 mobile not clicked
2020-10-13 15:03:48,919  INFO [main] cart_functionality:26 - application opened
2020-10-13 15:03:51,259  INFO [main] cart_functionality:31 - 000000
2020-10-13 15:03:51,366  INFO [main] cart_functionality:35 - closed login tab
2020-10-13 15:03:51,611  INFO [main] cart_functionality:42 - clicked on Search buttton
2020-10-13 15:03:52,459  INFO [main] cart_functionality:53 - clicked on redmio mobiles
2020-10-13 15:04:57,399  INFO [main] cart_functionality:26 - application opened
2020-10-13 15:04:59,662  INFO [main] cart_functionality:31 - 000000
2020-10-13 15:04:59,735  INFO [main] cart_functionality:35 - closed login tab
2020-10-13 15:04:59,927  INFO [main] cart_functionality:42 - clicked on Search buttton
2020-10-13 15:05:01,087  INFO [main] cart_functionality:53 - clicked on redmio mobiles
2020-10-13 15:53:59,610  INFO [main] cart_functionality:27 - application opened
2020-10-13 15:54:01,965  INFO [main] cart_functionality:32 - 000000
2020-10-13 15:54:02,058  INFO [main] cart_functionality:36 - closed login tab
2020-10-13 15:54:02,244  INFO [main] cart_functionality:43 - clicked on Search buttton
2020-10-13 15:54:02,852  INFO [main] cart_functionality:58 - redmi 8 mobile not clicked log
2020-10-13 15:54:02,862  INFO [main] cart_functionality:58 - redmi 8 mobile not clicked log
2020-10-13 15:54:02,873  INFO [main] cart_functionality:58 - redmi 8 mobile not clicked log
2020-10-13 15:54:02,883  INFO [main] cart_functionality:58 - redmi 8 mobile not clicked log
2020-10-13 15:54:02,895  INFO [main] cart_functionality:58 - redmi 8 mobile not clicked log
2020-10-13 15:54:02,911  INFO [main] cart_functionality:58 - redmi 8 mobile not clicked log
2020-10-13 15:54:02,921  INFO [main] cart_functionality:58 - redmi 8 mobile not clicked log
2020-10-13 15:54:02,975  INFO [main] cart_functionality:58 - redmi 8 mobile not clicked log
2020-10-13 15:54:03,007  INFO [main] cart_functionality:58 - redmi 8 mobile not clicked log
2020-10-13 15:54:03,021  INFO [main] cart_functionality:58 - redmi 8 mobile not clicked log
2020-10-13 15:54:03,030  INFO [main] cart_functionality:58 - redmi 8 mobile not clicked log
2020-10-13 15:54:03,040  INFO [main] cart_functionality:58 - redmi 8 mobile not clicked log
2020-10-13 15:54:03,051  INFO [main] cart_functionality:58 - redmi 8 mobile not clicked log
2020-10-13 15:54:03,060  INFO [main] cart_functionality:58 - redmi 8 mobile not clicked log
2020-10-13 15:54:03,079  INFO [main] cart_functionality:58 - redmi 8 mobile not clicked log
2020-10-13 15:54:03,090  INFO [main] cart_functionality:58 - redmi 8 mobile not clicked log
2020-10-13 15:54:03,101  INFO [main] cart_functionality:58 - redmi 8 mobile not clicked log
2020-10-13 15:54:03,114  INFO [main] cart_functionality:58 - redmi 8 mobile not clicked log
2020-10-13 15:54:03,124  INFO [main] cart_functionality:58 - redmi 8 mobile not clicked log
2020-10-13 15:54:03,134  INFO [main] cart_functionality:58 - redmi 8 mobile not clicked log
2020-10-13 15:54:03,144  INFO [main] cart_functionality:58 - redmi 8 mobile not clicked log
2020-10-13 15:54:03,153  INFO [main] cart_functionality:58 - redmi 8 mobile not clicked log
2020-10-13 15:54:03,164  INFO [main] cart_functionality:58 - redmi 8 mobile not clicked log
2020-10-13 15:54:03,176  INFO [main] cart_functionality:58 - redmi 8 mobile not clicked log
2020-10-13 16:15:07,987  INFO [main] cart_functionality:27 - application opened
2020-10-13 16:15:10,318  INFO [main] cart_functionality:32 - 000000
2020-10-13 16:15:10,392  INFO [main] cart_functionality:36 - closed login tab
2020-10-13 16:15:10,629  INFO [main] cart_functionality:43 - clicked on Search buttton
2020-10-13 16:15:11,277  INFO [main] cart_functionality:58 - redmi 8 mobile not clicked log
2020-10-13 16:16:26,067  INFO [main] cart_functionality:27 - application opened
2020-10-13 16:16:28,358  INFO [main] cart_functionality:32 - 000000
2020-10-13 16:16:28,465  INFO [main] cart_functionality:36 - closed login tab
2020-10-13 16:16:28,787  INFO [main] cart_functionality:43 - clicked on Search buttton
2020-10-13 16:16:29,839  INFO [main] cart_functionality:58 - redmi 8 mobile not clicked log
2020-10-13 16:17:45,256  INFO [main] cart_functionality:27 - application opened
2020-10-13 16:17:47,581  INFO [main] cart_functionality:32 - 000000
2020-10-13 16:17:47,702  INFO [main] cart_functionality:36 - closed login tab
2020-10-13 16:17:48,185  INFO [main] cart_functionality:43 - clicked on Search buttton
2020-10-13 16:17:49,046  INFO [main] cart_functionality:54 - clicked on redmio mobiles
2020-10-13 16:19:23,667  INFO [main] cart_functionality:27 - application opened
2020-10-13 16:19:25,907  INFO [main] cart_functionality:32 - 000000
2020-10-13 16:19:26,002  INFO [main] cart_functionality:36 - closed login tab
2020-10-13 16:19:26,520  INFO [main] cart_functionality:43 - clicked on Search buttton
2020-10-13 16:19:27,463  INFO [main] cart_functionality:54 - clicked on redmio mobiles
2020-10-13 16:21:41,090  INFO [main] cart_functionality:27 - application opened
2020-10-13 16:21:43,359  INFO [main] cart_functionality:32 - 000000
2020-10-13 16:21:43,419  INFO [main] cart_functionality:36 - closed login tab
2020-10-13 16:21:43,616  INFO [main] cart_functionality:43 - clicked on Search buttton
2020-10-13 16:21:44,591  INFO [main] cart_functionality:54 - clicked on redmio mobiles
2020-10-19 20:11:19,995  INFO [main] cart_functionality:27 - application opened
2020-10-19 20:11:22,321  INFO [main] cart_functionality:32 - 000000
2020-10-19 20:11:22,425  INFO [main] cart_functionality:36 - closed login tab
2020-10-19 20:11:22,727  INFO [main] cart_functionality:43 - clicked on Search buttton
2020-10-19 20:11:23,580  INFO [main] cart_functionality:58 - redmi 8 mobile not clicked log
2020-10-19 20:13:21,386  INFO [main] cart_functionality:27 - application opened
2020-10-19 20:13:23,679  INFO [main] cart_functionality:32 - 000000
2020-10-19 20:13:23,795  INFO [main] cart_functionality:36 - closed login tab
2020-10-19 20:13:24,012  INFO [main] cart_functionality:43 - clicked on Search buttton
2020-10-19 20:13:25,104  INFO [main] cart_functionality:58 - redmi 8 mobile not clicked log
2020-10-19 20:17:09,832  INFO [main] cart_functionality:27 - application opened
2020-10-19 20:17:12,164  INFO [main] cart_functionality:32 - 000000
2020-10-19 20:17:12,290  INFO [main] cart_functionality:36 - closed login tab
2020-10-19 20:17:12,637  INFO [main] cart_functionality:43 - clicked on Search buttton
2020-10-19 20:17:13,536  INFO [main] cart_functionality:58 - redmi 8 mobile not clicked log
2020-10-19 20:19:34,253  INFO [main] cart_functionality:27 - application opened
2020-10-19 20:19:36,499  INFO [main] cart_functionality:32 - 000000
2020-10-19 20:19:36,569  INFO [main] cart_functionality:36 - closed login tab
2020-10-19 20:19:36,833  INFO [main] cart_functionality:43 - clicked on Search buttton
2020-10-19 20:19:37,536  INFO [main] cart_functionality:58 - redmi 8 mobile not clicked log
2020-10-24 14:05:43,218  INFO [main] cart_functionality:36 - closed login tab
2020-10-24 14:05:45,055  INFO [main] cart_functionality:59 - redmi 8 mobile not clicked log
2020-10-24 14:05:45,098  INFO [main] cart_functionality:59 - redmi 8 mobile not clicked log
2020-10-24 14:05:45,133  INFO [main] cart_functionality:59 - redmi 8 mobile not clicked log
2020-10-24 14:05:45,176  INFO [main] cart_functionality:59 - redmi 8 mobile not clicked log
2020-10-24 14:05:45,212  INFO [main] cart_functionality:59 - redmi 8 mobile not clicked log
2020-10-24 14:05:45,239  INFO [main] cart_functionality:59 - redmi 8 mobile not clicked log
2020-10-24 14:05:45,267  INFO [main] cart_functionality:59 - redmi 8 mobile not clicked log
2020-10-24 14:05:45,296  INFO [main] cart_functionality:59 - redmi 8 mobile not clicked log
2020-10-24 14:05:45,328  INFO [main] cart_functionality:59 - redmi 8 mobile not clicked log
2020-10-24 14:05:45,356  INFO [main] cart_functionality:59 - redmi 8 mobile not clicked log
2020-10-24 14:05:45,386  INFO [main] cart_functionality:59 - redmi 8 mobile not clicked log
2020-10-24 14:05:45,422  INFO [main] cart_functionality:59 - redmi 8 mobile not clicked log
2020-10-24 14:05:45,453  INFO [main] cart_functionality:59 - redmi 8 mobile not clicked log
2020-10-24 14:05:45,483  INFO [main] cart_functionality:59 - redmi 8 mobile not clicked log
2020-10-24 14:05:45,512  INFO [main] cart_functionality:59 - redmi 8 mobile not clicked log
2020-10-24 14:05:45,543  INFO [main] cart_functionality:59 - redmi 8 mobile not clicked log
2020-10-24 14:05:45,687  INFO [main] cart_functionality:54 - clicked on redmio mobile
2020-10-24 14:11:39,808  INFO [main] cart_functionality:36 - closed login tab
2020-10-24 14:11:41,409  INFO [main] cart_functionality:59 - redmi 8 mobile not clicked log
2020-11-13 20:33:00,471  INFO [main] cart_functionality:36 - closed login tab
2020-11-13 20:33:02,604  INFO [main] cart_functionality:59 - redmi 8 mobile not clicked log
2020-11-13 20:57:14,952  INFO [main] cart_functionality:38 - closed login tab
2020-11-13 20:57:16,154  INFO [main] cart_functionality:61 - redmi 8 mobile not clicked log
2020-11-13 21:42:25,215  INFO [main] cart_functionality:38 - closed login tab
2020-11-13 21:42:26,264  INFO [main] cart_functionality:61 - redmi 8 mobile not clicked log
2020-11-13 21:51:11,673  INFO [main] cart_functionality:38 - closed login tab
2020-11-13 21:51:12,644  INFO [main] cart_functionality:61 - redmi 8 mobile not clicked log
2020-11-13 22:20:31,756  INFO [main] cart_functionality:38 - closed login tab
2020-11-13 22:20:32,861  INFO [main] cart_functionality:61 - redmi 8 mobile not clicked log
2020-11-14 18:47:45,973  INFO [main] cart_functionality:38 - closed login tab
2020-11-14 18:47:47,493  INFO [main] cart_functionality:61 - redmi 8 mobile not clicked log
2021-01-16 15:59:44,878  INFO [main] cart_functionality:38 - closed login tab
2021-01-16 16:00:58,993  INFO [main] cart_functionality:38 - closed login tab
